[Mon May 14 23:16:05 2012] [info] Listening at "http://*:3000".
[Mon May 14 23:16:06 2012] [debug] Your secret passphrase needs to be changed!!!
[Mon May 14 23:16:06 2012] [debug] GET /us (Mozilla/5.0 (X11; Linux x86_64; rv:12.0) Gecko/20100101 Firefox/12.0).
[Mon May 14 23:16:06 2012] [debug] Routing to controller "MyIMDB::Users" and action "home".
[Mon May 14 23:16:06 2012] [debug] Rendering template "users/home.html.ep".
[Mon May 14 23:16:06 2012] [debug] Rendering template "layouts/default.html.ep".
[Mon May 14 23:16:06 2012] [debug] 200 OK (0.172388s, 5.801/s).
[Mon May 14 23:16:16 2012] [debug] GET /us (Mozilla/5.0 (X11; Linux x86_64; rv:12.0) Gecko/20100101 Firefox/12.0).
[Mon May 14 23:16:16 2012] [debug] Routing to controller "MyIMDB::Users" and action "home".
[Mon May 14 23:16:16 2012] [debug] Rendering cached template "users/home.html.ep".
[Mon May 14 23:16:16 2012] [debug] Rendering cached template "layouts/default.html.ep".
[Mon May 14 23:16:16 2012] [debug] 200 OK (0.030179s, 33.136/s).
[Mon May 14 23:16:34 2012] [debug] GET /us (Mozilla/5.0 (X11; Linux x86_64; rv:12.0) Gecko/20100101 Firefox/12.0).
[Mon May 14 23:16:34 2012] [debug] Routing to controller "MyIMDB::Users" and action "home".
[Mon May 14 23:16:34 2012] [debug] Rendering cached template "users/home.html.ep".
[Mon May 14 23:16:34 2012] [debug] Rendering cached template "layouts/default.html.ep".
[Mon May 14 23:16:34 2012] [debug] 200 OK (0.024810s, 40.306/s).
[Mon May 14 23:19:18 2012] [debug] Your secret passphrase needs to be changed!!!
[Mon May 14 23:19:18 2012] [debug] GET /us (Mozilla/5.0 (X11; Linux x86_64; rv:12.0) Gecko/20100101 Firefox/12.0).
[Mon May 14 23:19:18 2012] [debug] Routing to controller "MyIMDB::Users" and action "home".
[Mon May 14 23:19:18 2012] [debug] Rendering template "users/home.html.ep".
[Mon May 14 23:19:18 2012] [debug] Rendering template "layouts/default.html.ep".
[Mon May 14 23:19:18 2012] [debug] 200 OK (0.156410s, 6.393/s).
[Mon May 14 23:26:43 2012] [debug] Your secret passphrase needs to be changed!!!
[Mon May 14 23:26:43 2012] [debug] GET /us (Mozilla/5.0 (X11; Linux x86_64; rv:12.0) Gecko/20100101 Firefox/12.0).
[Mon May 14 23:26:43 2012] [debug] Template "not_found.development.html.ep" not found.
[Mon May 14 23:26:43 2012] [debug] Template "not_found.html.ep" not found.
[Mon May 14 23:26:43 2012] [debug] Rendering inline template.
[Mon May 14 23:26:43 2012] [debug] Rendering inline template.
[Mon May 14 23:26:43 2012] [debug] 404 Not Found (0.042426s, 23.570/s).
[Mon May 14 23:26:51 2012] [debug] GET /user/us (Mozilla/5.0 (X11; Linux x86_64; rv:12.0) Gecko/20100101 Firefox/12.0).
[Mon May 14 23:26:51 2012] [debug] Routing to controller "MyIMDB::Users" and action "home".
[Mon May 14 23:26:51 2012] [debug] Rendering template "users/home.html.ep".
[Mon May 14 23:26:51 2012] [debug] Rendering template "layouts/default.html.ep".
[Mon May 14 23:26:51 2012] [debug] 200 OK (0.149554s, 6.687/s).
[Mon May 14 23:27:16 2012] [debug] GET /logout (Mozilla/5.0 (X11; Linux x86_64; rv:12.0) Gecko/20100101 Firefox/12.0).
[Mon May 14 23:27:16 2012] [debug] Routing to controller "MyIMDB::Logout" and action "logout".
[Mon May 14 23:27:16 2012] [debug] 302 Found (0.002929s, 341.413/s).
[Mon May 14 23:27:16 2012] [debug] GET / (Mozilla/5.0 (X11; Linux x86_64; rv:12.0) Gecko/20100101 Firefox/12.0).
[Mon May 14 23:27:16 2012] [debug] Routing to controller "MyIMDB::Home" and action "home".
[Mon May 14 23:27:16 2012] [debug] Rendering template "home/home.html.ep".
[Mon May 14 23:27:16 2012] [debug] Rendering template "layouts/home.html.ep".
[Mon May 14 23:27:16 2012] [debug] 200 OK (0.014851s, 67.336/s).
[Mon May 14 23:27:20 2012] [debug] GET /user/test2 (Mozilla/5.0 (X11; Linux x86_64; rv:12.0) Gecko/20100101 Firefox/12.0).
[Mon May 14 23:27:20 2012] [debug] Routing to controller "MyIMDB::Users" and action "home".
[Mon May 14 23:27:20 2012] [debug] Rendering template "users/home.html.ep".
[Mon May 14 23:27:20 2012] [debug] Rendering template "layouts/default.html.ep".
[Mon May 14 23:27:20 2012] [debug] 200 OK (0.054584s, 18.320/s).
[Mon May 14 23:27:23 2012] [debug] GET /login (Mozilla/5.0 (X11; Linux x86_64; rv:12.0) Gecko/20100101 Firefox/12.0).
[Mon May 14 23:27:23 2012] [debug] Rendering template "login/login.html.ep".
[Mon May 14 23:27:23 2012] [debug] Rendering template "layouts/default.html.ep".
[Mon May 14 23:27:23 2012] [debug] 200 OK (0.018106s, 55.230/s).
[Mon May 14 23:27:26 2012] [debug] POST /login (Mozilla/5.0 (X11; Linux x86_64; rv:12.0) Gecko/20100101 Firefox/12.0).
[Mon May 14 23:27:26 2012] [debug] Routing to controller "MyIMDB::Login" and action "login".
[Mon May 14 23:27:26 2012] [debug] 302 Found (0.013779s, 72.574/s).
[Mon May 14 23:27:26 2012] [debug] GET /user/us (Mozilla/5.0 (X11; Linux x86_64; rv:12.0) Gecko/20100101 Firefox/12.0).
[Mon May 14 23:27:26 2012] [debug] Routing to controller "MyIMDB::Users" and action "home".
[Mon May 14 23:27:26 2012] [debug] Rendering cached template "users/home.html.ep".
[Mon May 14 23:27:26 2012] [debug] Rendering cached template "layouts/default.html.ep".
[Mon May 14 23:27:26 2012] [debug] 200 OK (0.013076s, 76.476/s).
[Mon May 14 23:27:30 2012] [debug] GET /us (Mozilla/5.0 (X11; Linux x86_64; rv:12.0) Gecko/20100101 Firefox/12.0).
[Mon May 14 23:27:30 2012] [debug] Template "not_found.development.html.ep" not found.
[Mon May 14 23:27:30 2012] [debug] Template "not_found.html.ep" not found.
[Mon May 14 23:27:30 2012] [debug] Rendering cached inline template.
[Mon May 14 23:27:30 2012] [debug] Rendering cached inline template.
[Mon May 14 23:27:30 2012] [debug] 404 Not Found (0.014090s, 70.972/s).
[Mon May 14 23:27:45 2012] [debug] GET /us (Mozilla/5.0 (X11; Linux x86_64; rv:12.0) Gecko/20100101 Firefox/12.0).
[Mon May 14 23:27:45 2012] [debug] Template "not_found.development.html.ep" not found.
[Mon May 14 23:27:45 2012] [debug] Template "not_found.html.ep" not found.
[Mon May 14 23:27:45 2012] [debug] Rendering cached inline template.
[Mon May 14 23:27:45 2012] [debug] Rendering cached inline template.
[Mon May 14 23:27:45 2012] [debug] 404 Not Found (0.014247s, 70.190/s).
[Mon May 14 23:28:05 2012] [debug] Your secret passphrase needs to be changed!!!
[Mon May 14 23:28:05 2012] [debug] GET /us (Mozilla/5.0 (X11; Linux x86_64; rv:12.0) Gecko/20100101 Firefox/12.0).
[Mon May 14 23:28:05 2012] [debug] Template "not_found.development.html.ep" not found.
[Mon May 14 23:28:05 2012] [debug] Template "not_found.html.ep" not found.
[Mon May 14 23:28:05 2012] [debug] Rendering inline template.
[Mon May 14 23:28:05 2012] [debug] Rendering inline template.
[Mon May 14 23:28:05 2012] [debug] 404 Not Found (0.045241s, 22.104/s).
[Mon May 14 23:28:09 2012] [debug] GET /user/us (Mozilla/5.0 (X11; Linux x86_64; rv:12.0) Gecko/20100101 Firefox/12.0).
[Mon May 14 23:28:09 2012] [debug] Routing to controller "MyIMDB::Users" and action "home".
[Mon May 14 23:28:09 2012] [debug] Rendering template "users/home.html.ep".
[Mon May 14 23:28:09 2012] [debug] Rendering template "layouts/default.html.ep".
[Mon May 14 23:28:09 2012] [debug] 200 OK (0.158899s, 6.293/s).
[Mon May 14 23:28:11 2012] [debug] GET /user/us (Mozilla/5.0 (X11; Linux x86_64; rv:12.0) Gecko/20100101 Firefox/12.0).
[Mon May 14 23:28:11 2012] [debug] Routing to controller "MyIMDB::Users" and action "home".
[Mon May 14 23:28:11 2012] [debug] Rendering cached template "users/home.html.ep".
[Mon May 14 23:28:11 2012] [debug] Rendering cached template "layouts/default.html.ep".
[Mon May 14 23:28:11 2012] [debug] 200 OK (0.014693s, 68.060/s).
[Mon May 14 23:28:14 2012] [debug] GET /logout (Mozilla/5.0 (X11; Linux x86_64; rv:12.0) Gecko/20100101 Firefox/12.0).
[Mon May 14 23:28:14 2012] [debug] Routing to controller "MyIMDB::Logout" and action "logout".
[Mon May 14 23:28:14 2012] [debug] 302 Found (0.005646s, 177.117/s).
[Mon May 14 23:28:14 2012] [debug] GET / (Mozilla/5.0 (X11; Linux x86_64; rv:12.0) Gecko/20100101 Firefox/12.0).
[Mon May 14 23:28:14 2012] [debug] Routing to controller "MyIMDB::Home" and action "home".
[Mon May 14 23:28:14 2012] [debug] Rendering template "home/home.html.ep".
[Mon May 14 23:28:14 2012] [debug] Rendering template "layouts/home.html.ep".
[Mon May 14 23:28:14 2012] [debug] 200 OK (0.014436s, 69.271/s).
[Mon May 14 23:28:16 2012] [debug] GET /join (Mozilla/5.0 (X11; Linux x86_64; rv:12.0) Gecko/20100101 Firefox/12.0).
[Mon May 14 23:28:16 2012] [debug] Rendering template "join/join.html.ep".
[Mon May 14 23:28:16 2012] [debug] Rendering template "layouts/default.html.ep".
[Mon May 14 23:28:16 2012] [debug] 200 OK (0.014104s, 70.902/s).
[Mon May 14 23:28:26 2012] [debug] POST /join (Mozilla/5.0 (X11; Linux x86_64; rv:12.0) Gecko/20100101 Firefox/12.0).
[Mon May 14 23:28:26 2012] [debug] Routing to controller "MyIMDB::Join" and action "join".
[Mon May 14 23:28:26 2012] [debug] Rendering template "join/join.html.ep".
[Mon May 14 23:28:26 2012] [debug] Rendering template "layouts/default.html.ep".
[Mon May 14 23:28:26 2012] [debug] 200 OK (0.022379s, 44.685/s).
[Mon May 14 23:28:42 2012] [debug] POST /join (Mozilla/5.0 (X11; Linux x86_64; rv:12.0) Gecko/20100101 Firefox/12.0).
[Mon May 14 23:28:42 2012] [debug] Routing to controller "MyIMDB::Join" and action "join".
[Mon May 14 23:28:42 2012] [debug] 302 Found (0.107622s, 9.292/s).
[Mon May 14 23:28:42 2012] [debug] GET /user/test1 (Mozilla/5.0 (X11; Linux x86_64; rv:12.0) Gecko/20100101 Firefox/12.0).
[Mon May 14 23:28:42 2012] [debug] Routing to controller "MyIMDB::Users" and action "home".
[Mon May 14 23:28:42 2012] [debug] Rendering cached template "users/home.html.ep".
[Mon May 14 23:28:42 2012] [debug] Rendering cached template "layouts/default.html.ep".
[Mon May 14 23:28:42 2012] [debug] 200 OK (0.009225s, 108.401/s).
[Mon May 14 23:28:51 2012] [debug] GET / (Mozilla/5.0 (X11; Linux x86_64; rv:12.0) Gecko/20100101 Firefox/12.0).
[Mon May 14 23:28:51 2012] [debug] Routing to controller "MyIMDB::Home" and action "home".
[Mon May 14 23:28:51 2012] [debug] Rendering template "home/home.html.ep".
[Mon May 14 23:28:52 2012] [debug] Rendering template "layouts/home.html.ep".
[Mon May 14 23:28:52 2012] [debug] 200 OK (0.032358s, 30.904/s).
[Mon May 14 23:28:54 2012] [debug] GET /login (Mozilla/5.0 (X11; Linux x86_64; rv:12.0) Gecko/20100101 Firefox/12.0).
[Mon May 14 23:28:54 2012] [debug] Rendering template "login/login.html.ep".
[Mon May 14 23:28:54 2012] [debug] Rendering template "layouts/default.html.ep".
[Mon May 14 23:28:54 2012] [debug] 200 OK (0.014888s, 67.168/s).
[Mon May 14 23:29:02 2012] [debug] POST /login (Mozilla/5.0 (X11; Linux x86_64; rv:12.0) Gecko/20100101 Firefox/12.0).
[Mon May 14 23:29:02 2012] [debug] Routing to controller "MyIMDB::Login" and action "login".
[Mon May 14 23:29:02 2012] [debug] 302 Found (0.010574s, 94.572/s).
[Mon May 14 23:29:03 2012] [debug] GET /user/test1 (Mozilla/5.0 (X11; Linux x86_64; rv:12.0) Gecko/20100101 Firefox/12.0).
[Mon May 14 23:29:03 2012] [debug] Routing to controller "MyIMDB::Users" and action "home".
[Mon May 14 23:29:03 2012] [debug] Rendering cached template "users/home.html.ep".
[Mon May 14 23:29:03 2012] [debug] Rendering cached template "layouts/default.html.ep".
[Mon May 14 23:29:03 2012] [debug] 200 OK (0.007742s, 129.166/s).
[Mon May 14 23:29:07 2012] [debug] GET /user/test1 (Mozilla/5.0 (X11; Linux x86_64; rv:12.0) Gecko/20100101 Firefox/12.0).
[Mon May 14 23:29:07 2012] [debug] Routing to controller "MyIMDB::Users" and action "home".
[Mon May 14 23:29:07 2012] [debug] Rendering cached template "users/home.html.ep".
[Mon May 14 23:29:07 2012] [debug] Rendering cached template "layouts/default.html.ep".
[Mon May 14 23:29:07 2012] [debug] 200 OK (0.012482s, 80.115/s).
[Mon May 14 23:29:08 2012] [debug] GET /logout (Mozilla/5.0 (X11; Linux x86_64; rv:12.0) Gecko/20100101 Firefox/12.0).
[Mon May 14 23:29:08 2012] [debug] Routing to controller "MyIMDB::Logout" and action "logout".
[Mon May 14 23:29:08 2012] [debug] 302 Found (0.001431s, 698.812/s).
[Mon May 14 23:29:08 2012] [debug] GET / (Mozilla/5.0 (X11; Linux x86_64; rv:12.0) Gecko/20100101 Firefox/12.0).
[Mon May 14 23:29:08 2012] [debug] Routing to controller "MyIMDB::Home" and action "home".
[Mon May 14 23:29:08 2012] [debug] Rendering cached template "home/home.html.ep".
[Mon May 14 23:29:08 2012] [debug] Rendering cached template "layouts/home.html.ep".
[Mon May 14 23:29:08 2012] [debug] 200 OK (0.003855s, 259.403/s).
[Mon May 14 23:30:13 2012] [debug] GET /join (Mozilla/5.0 (X11; Linux x86_64; rv:12.0) Gecko/20100101 Firefox/12.0).
[Mon May 14 23:30:13 2012] [debug] Rendering cached template "join/join.html.ep".
[Mon May 14 23:30:13 2012] [debug] Rendering cached template "layouts/default.html.ep".
[Mon May 14 23:30:13 2012] [debug] 200 OK (0.004223s, 236.798/s).
[Mon May 14 23:30:19 2012] [debug] POST /join (Mozilla/5.0 (X11; Linux x86_64; rv:12.0) Gecko/20100101 Firefox/12.0).
[Mon May 14 23:30:19 2012] [debug] Routing to controller "MyIMDB::Join" and action "join".
[Mon May 14 23:30:19 2012] [debug] 302 Found (0.107959s, 9.263/s).
[Mon May 14 23:30:19 2012] [debug] GET /user/a (Mozilla/5.0 (X11; Linux x86_64; rv:12.0) Gecko/20100101 Firefox/12.0).
[Mon May 14 23:30:19 2012] [debug] Routing to controller "MyIMDB::Users" and action "home".
[Mon May 14 23:30:19 2012] [debug] Rendering cached template "users/home.html.ep".
[Mon May 14 23:30:19 2012] [debug] Rendering cached template "layouts/default.html.ep".
[Mon May 14 23:30:19 2012] [debug] 200 OK (0.008759s, 114.168/s).
[Mon May 14 23:31:16 2012] [debug] Your secret passphrase needs to be changed!!!
[Mon May 14 23:31:16 2012] [debug] GET / (Mozilla/5.0 (X11; Linux x86_64; rv:12.0) Gecko/20100101 Firefox/12.0).
[Mon May 14 23:31:16 2012] [debug] Routing to controller "MyIMDB::Home" and action "home".
[Mon May 14 23:31:16 2012] [debug] Rendering template "home/home.html.ep".
[Mon May 14 23:31:16 2012] [debug] Rendering template "layouts/home.html.ep".
[Mon May 14 23:31:16 2012] [debug] 200 OK (0.143050s, 6.991/s).
[Mon May 14 23:31:17 2012] [debug] GET /login (Mozilla/5.0 (X11; Linux x86_64; rv:12.0) Gecko/20100101 Firefox/12.0).
[Mon May 14 23:31:17 2012] [debug] Rendering template "login/login.html.ep".
[Mon May 14 23:31:17 2012] [debug] Rendering template "layouts/default.html.ep".
[Mon May 14 23:31:17 2012] [debug] 200 OK (0.014606s, 68.465/s).
[Mon May 14 23:31:19 2012] [debug] POST /login (Mozilla/5.0 (X11; Linux x86_64; rv:12.0) Gecko/20100101 Firefox/12.0).
[Mon May 14 23:31:19 2012] [debug] Routing to controller "MyIMDB::Login" and action "login".
[Mon May 14 23:31:19 2012] [debug] 302 Found (0.006872s, 145.518/s).
[Mon May 14 23:31:19 2012] [debug] GET /user/a (Mozilla/5.0 (X11; Linux x86_64; rv:12.0) Gecko/20100101 Firefox/12.0).
[Mon May 14 23:31:19 2012] [debug] Routing to controller "MyIMDB::Users" and action "home".
[Mon May 14 23:31:19 2012] [debug] Rendering template "users/home.html.ep".
[Mon May 14 23:31:19 2012] [debug] Rendering template "layouts/default.html.ep".
[Mon May 14 23:31:19 2012] [debug] 200 OK (0.022777s, 43.904/s).
[Mon May 14 23:31:24 2012] [debug] GET /user/a (Mozilla/5.0 (X11; Linux x86_64; rv:12.0) Gecko/20100101 Firefox/12.0).
[Mon May 14 23:31:24 2012] [debug] Routing to controller "MyIMDB::Users" and action "home".
[Mon May 14 23:31:24 2012] [debug] Rendering cached template "users/home.html.ep".
[Mon May 14 23:31:24 2012] [debug] Rendering cached template "layouts/default.html.ep".
[Mon May 14 23:31:24 2012] [debug] 200 OK (0.022317s, 44.809/s).
[Mon May 14 23:31:26 2012] [debug] GET /user/a (Mozilla/5.0 (X11; Linux x86_64; rv:12.0) Gecko/20100101 Firefox/12.0).
[Mon May 14 23:31:26 2012] [debug] Routing to controller "MyIMDB::Users" and action "home".
[Mon May 14 23:31:26 2012] [debug] Rendering cached template "users/home.html.ep".
[Mon May 14 23:31:26 2012] [debug] Rendering cached template "layouts/default.html.ep".
[Mon May 14 23:31:26 2012] [debug] 200 OK (0.024440s, 40.917/s).
[Mon May 14 23:32:07 2012] [debug] Your secret passphrase needs to be changed!!!
[Mon May 14 23:32:07 2012] [debug] GET / (Mozilla/5.0 (X11; Linux x86_64; rv:12.0) Gecko/20100101 Firefox/12.0).
[Mon May 14 23:32:07 2012] [debug] Routing to controller "MyIMDB::Home" and action "home".
[Mon May 14 23:32:07 2012] [debug] Rendering template "home/home.html.ep".
[Mon May 14 23:32:07 2012] [debug] Rendering template "layouts/home.html.ep".
[Mon May 14 23:32:07 2012] [debug] 200 OK (0.142563s, 7.014/s).
[Mon May 14 23:32:17 2012] [debug] GET / (Mozilla/5.0 (X11; Linux x86_64; rv:12.0) Gecko/20100101 Firefox/12.0).
[Mon May 14 23:32:17 2012] [debug] Routing to controller "MyIMDB::Home" and action "home".
[Mon May 14 23:32:17 2012] [debug] Rendering cached template "home/home.html.ep".
[Mon May 14 23:32:17 2012] [debug] Rendering cached template "layouts/home.html.ep".
[Mon May 14 23:32:17 2012] [debug] 200 OK (0.004127s, 242.307/s).
[Mon May 14 23:32:18 2012] [debug] GET /a (Mozilla/5.0 (X11; Linux x86_64; rv:12.0) Gecko/20100101 Firefox/12.0).
[Mon May 14 23:32:18 2012] [debug] Template "not_found.development.html.ep" not found.
[Mon May 14 23:32:18 2012] [debug] Template "not_found.html.ep" not found.
[Mon May 14 23:32:18 2012] [debug] Rendering inline template.
[Mon May 14 23:32:18 2012] [debug] Rendering inline template.
[Mon May 14 23:32:18 2012] [debug] 404 Not Found (0.038816s, 25.763/s).
[Mon May 14 23:32:29 2012] [debug] Your secret passphrase needs to be changed!!!
[Mon May 14 23:32:29 2012] [debug] GET / (Mozilla/5.0 (X11; Linux x86_64; rv:12.0) Gecko/20100101 Firefox/12.0).
[Mon May 14 23:32:29 2012] [debug] Routing to controller "MyIMDB::Home" and action "home".
[Mon May 14 23:32:29 2012] [debug] Rendering template "home/home.html.ep".
[Mon May 14 23:32:29 2012] [debug] Rendering template "layouts/home.html.ep".
[Mon May 14 23:32:29 2012] [debug] 200 OK (0.178841s, 5.592/s).
[Mon May 14 23:32:30 2012] [debug] GET /a (Mozilla/5.0 (X11; Linux x86_64; rv:12.0) Gecko/20100101 Firefox/12.0).
[Mon May 14 23:32:30 2012] [debug] Template "not_found.development.html.ep" not found.
[Mon May 14 23:32:30 2012] [debug] Template "not_found.html.ep" not found.
[Mon May 14 23:32:30 2012] [debug] Rendering inline template.
[Mon May 14 23:32:30 2012] [debug] Rendering inline template.
[Mon May 14 23:32:30 2012] [debug] 404 Not Found (0.039187s, 25.519/s).
[Mon May 14 23:32:33 2012] [debug] GET /logout (Mozilla/5.0 (X11; Linux x86_64; rv:12.0) Gecko/20100101 Firefox/12.0).
[Mon May 14 23:32:33 2012] [debug] Routing to controller "MyIMDB::Logout" and action "logout".
[Mon May 14 23:32:33 2012] [debug] 302 Found (0.002553s, 391.696/s).
[Mon May 14 23:32:33 2012] [debug] GET / (Mozilla/5.0 (X11; Linux x86_64; rv:12.0) Gecko/20100101 Firefox/12.0).
[Mon May 14 23:32:33 2012] [debug] Routing to controller "MyIMDB::Home" and action "home".
[Mon May 14 23:32:33 2012] [debug] Rendering template "home/home.html.ep".
[Mon May 14 23:32:33 2012] [debug] Rendering template "layouts/home.html.ep".
[Mon May 14 23:32:33 2012] [debug] 200 OK (0.012946s, 77.244/s).
[Mon May 14 23:32:35 2012] [debug] GET /login (Mozilla/5.0 (X11; Linux x86_64; rv:12.0) Gecko/20100101 Firefox/12.0).
[Mon May 14 23:32:35 2012] [debug] Rendering template "login/login.html.ep".
[Mon May 14 23:32:35 2012] [debug] Rendering template "layouts/default.html.ep".
[Mon May 14 23:32:35 2012] [debug] 200 OK (0.018346s, 54.508/s).
[Mon May 14 23:32:38 2012] [debug] POST /login (Mozilla/5.0 (X11; Linux x86_64; rv:12.0) Gecko/20100101 Firefox/12.0).
[Mon May 14 23:32:38 2012] [debug] Routing to controller "MyIMDB::Login" and action "login".
[Mon May 14 23:32:38 2012] [debug] 302 Found (0.007180s, 139.276/s).
[Mon May 14 23:32:38 2012] [debug] GET /user/a (Mozilla/5.0 (X11; Linux x86_64; rv:12.0) Gecko/20100101 Firefox/12.0).
[Mon May 14 23:32:38 2012] [debug] Routing to controller "MyIMDB::Users" and action "home".
[Mon May 14 23:32:38 2012] [debug] Rendering template "users/home.html.ep".
[Mon May 14 23:32:38 2012] [debug] Rendering template "layouts/default.html.ep".
[Mon May 14 23:32:38 2012] [debug] 200 OK (0.022948s, 43.577/s).
[Mon May 14 23:32:39 2012] [debug] GET / (Mozilla/5.0 (X11; Linux x86_64; rv:12.0) Gecko/20100101 Firefox/12.0).
[Mon May 14 23:32:39 2012] [debug] Routing to controller "MyIMDB::Home" and action "home".
[Mon May 14 23:32:39 2012] [debug] Rendering cached template "home/home.html.ep".
[Mon May 14 23:32:39 2012] [debug] Rendering cached template "layouts/home.html.ep".
[Mon May 14 23:32:39 2012] [debug] 200 OK (0.004060s, 246.305/s).
[Mon May 14 23:32:41 2012] [debug] GET /a (Mozilla/5.0 (X11; Linux x86_64; rv:12.0) Gecko/20100101 Firefox/12.0).
[Mon May 14 23:32:41 2012] [debug] Template "not_found.development.html.ep" not found.
[Mon May 14 23:32:41 2012] [debug] Template "not_found.html.ep" not found.
[Mon May 14 23:32:41 2012] [debug] Rendering cached inline template.
[Mon May 14 23:32:41 2012] [debug] Rendering cached inline template.
[Mon May 14 23:32:41 2012] [debug] 404 Not Found (0.014126s, 70.791/s).
[Mon May 14 23:33:11 2012] [debug] Your secret passphrase needs to be changed!!!
[Mon May 14 23:33:11 2012] [debug] GET / (Mozilla/5.0 (X11; Linux x86_64; rv:12.0) Gecko/20100101 Firefox/12.0).
[Mon May 14 23:33:11 2012] [debug] Routing to controller "MyIMDB::Home" and action "home".
[Mon May 14 23:33:11 2012] [debug] Rendering template "home/home.html.ep".
[Mon May 14 23:33:11 2012] [debug] Rendering template "layouts/home.html.ep".
[Mon May 14 23:33:11 2012] [debug] 200 OK (0.138640s, 7.213/s).
[Mon May 14 23:33:13 2012] [debug] GET /user/a (Mozilla/5.0 (X11; Linux x86_64; rv:12.0) Gecko/20100101 Firefox/12.0).
[Mon May 14 23:33:13 2012] [debug] Routing to controller "MyIMDB::Users" and action "home".
[Mon May 14 23:33:13 2012] [debug] Rendering template "users/home.html.ep".
[Mon May 14 23:33:13 2012] [debug] Rendering template "layouts/default.html.ep".
[Mon May 14 23:33:13 2012] [debug] 200 OK (0.024563s, 40.712/s).
[Mon May 14 23:33:15 2012] [debug] GET / (Mozilla/5.0 (X11; Linux x86_64; rv:12.0) Gecko/20100101 Firefox/12.0).
[Mon May 14 23:33:15 2012] [debug] Routing to controller "MyIMDB::Home" and action "home".
[Mon May 14 23:33:15 2012] [debug] Rendering cached template "home/home.html.ep".
[Mon May 14 23:33:15 2012] [debug] Rendering cached template "layouts/home.html.ep".
[Mon May 14 23:33:15 2012] [debug] 200 OK (0.003859s, 259.134/s).
[Mon May 14 23:33:16 2012] [debug] GET /logout (Mozilla/5.0 (X11; Linux x86_64; rv:12.0) Gecko/20100101 Firefox/12.0).
[Mon May 14 23:33:16 2012] [debug] Routing to controller "MyIMDB::Logout" and action "logout".
[Mon May 14 23:33:16 2012] [debug] 302 Found (0.002643s, 378.358/s).
[Mon May 14 23:33:16 2012] [debug] GET / (Mozilla/5.0 (X11; Linux x86_64; rv:12.0) Gecko/20100101 Firefox/12.0).
[Mon May 14 23:33:16 2012] [debug] Routing to controller "MyIMDB::Home" and action "home".
[Mon May 14 23:33:16 2012] [debug] Rendering template "home/home.html.ep".
[Mon May 14 23:33:16 2012] [debug] Rendering template "layouts/home.html.ep".
[Mon May 14 23:33:16 2012] [debug] 200 OK (0.012799s, 78.131/s).
[Mon May 14 23:33:17 2012] [debug] GET /login (Mozilla/5.0 (X11; Linux x86_64; rv:12.0) Gecko/20100101 Firefox/12.0).
[Mon May 14 23:33:17 2012] [debug] Rendering template "login/login.html.ep".
[Mon May 14 23:33:17 2012] [debug] Rendering template "layouts/default.html.ep".
[Mon May 14 23:33:17 2012] [debug] 200 OK (0.014514s, 68.899/s).
[Mon May 14 23:33:20 2012] [debug] POST /login (Mozilla/5.0 (X11; Linux x86_64; rv:12.0) Gecko/20100101 Firefox/12.0).
[Mon May 14 23:33:20 2012] [debug] Routing to controller "MyIMDB::Login" and action "login".
[Mon May 14 23:33:20 2012] [debug] 302 Found (0.005861s, 170.619/s).
[Mon May 14 23:33:20 2012] [debug] GET /user/a (Mozilla/5.0 (X11; Linux x86_64; rv:12.0) Gecko/20100101 Firefox/12.0).
[Mon May 14 23:33:20 2012] [debug] Routing to controller "MyIMDB::Users" and action "home".
[Mon May 14 23:33:20 2012] [debug] Rendering cached template "users/home.html.ep".
[Mon May 14 23:33:20 2012] [debug] Rendering cached template "layouts/default.html.ep".
[Mon May 14 23:33:20 2012] [debug] 200 OK (0.008019s, 124.704/s).
[Mon May 14 23:33:22 2012] [debug] GET / (Mozilla/5.0 (X11; Linux x86_64; rv:12.0) Gecko/20100101 Firefox/12.0).
[Mon May 14 23:33:22 2012] [debug] Routing to controller "MyIMDB::Home" and action "home".
[Mon May 14 23:33:22 2012] [debug] Rendering cached template "home/home.html.ep".
[Mon May 14 23:33:22 2012] [debug] Rendering cached template "layouts/home.html.ep".
[Mon May 14 23:33:22 2012] [debug] 200 OK (0.004425s, 225.989/s).
[Mon May 14 23:33:24 2012] [debug] GET /user/a (Mozilla/5.0 (X11; Linux x86_64; rv:12.0) Gecko/20100101 Firefox/12.0).
[Mon May 14 23:33:24 2012] [debug] Routing to controller "MyIMDB::Users" and action "home".
[Mon May 14 23:33:24 2012] [debug] Rendering cached template "users/home.html.ep".
[Mon May 14 23:33:24 2012] [debug] Rendering cached template "layouts/default.html.ep".
[Mon May 14 23:33:24 2012] [debug] 200 OK (0.009731s, 102.764/s).
[Mon May 14 23:33:26 2012] [debug] GET /user/a (Mozilla/5.0 (X11; Linux x86_64; rv:12.0) Gecko/20100101 Firefox/12.0).
[Mon May 14 23:33:26 2012] [debug] Routing to controller "MyIMDB::Users" and action "home".
[Mon May 14 23:33:26 2012] [debug] Rendering cached template "users/home.html.ep".
[Mon May 14 23:33:26 2012] [debug] Rendering cached template "layouts/default.html.ep".
[Mon May 14 23:33:26 2012] [debug] 200 OK (0.027012s, 37.021/s).
[Mon May 14 23:33:27 2012] [debug] GET /logout (Mozilla/5.0 (X11; Linux x86_64; rv:12.0) Gecko/20100101 Firefox/12.0).
[Mon May 14 23:33:27 2012] [debug] Routing to controller "MyIMDB::Logout" and action "logout".
[Mon May 14 23:33:27 2012] [debug] 302 Found (0.001303s, 767.460/s).
[Mon May 14 23:33:27 2012] [debug] GET / (Mozilla/5.0 (X11; Linux x86_64; rv:12.0) Gecko/20100101 Firefox/12.0).
[Mon May 14 23:33:27 2012] [debug] Routing to controller "MyIMDB::Home" and action "home".
[Mon May 14 23:33:27 2012] [debug] Rendering cached template "home/home.html.ep".
[Mon May 14 23:33:27 2012] [debug] Rendering cached template "layouts/home.html.ep".
[Mon May 14 23:33:27 2012] [debug] 200 OK (0.005021s, 199.164/s).
[Mon May 14 23:34:24 2012] [debug] GET /join (Mozilla/5.0 (X11; Linux x86_64; rv:12.0) Gecko/20100101 Firefox/12.0).
[Mon May 14 23:34:24 2012] [debug] Rendering template "join/join.html.ep".
[Mon May 14 23:34:24 2012] [debug] Rendering cached template "layouts/default.html.ep".
[Mon May 14 23:34:24 2012] [debug] 200 OK (0.013478s, 74.195/s).
[Mon May 14 23:34:32 2012] [debug] POST /join (Mozilla/5.0 (X11; Linux x86_64; rv:12.0) Gecko/20100101 Firefox/12.0).
[Mon May 14 23:34:32 2012] [debug] Routing to controller "MyIMDB::Join" and action "join".
[Mon May 14 23:34:33 2012] [debug] 302 Found (0.098251s, 10.178/s).
[Mon May 14 23:34:33 2012] [debug] GET /user/a (Mozilla/5.0 (X11; Linux x86_64; rv:12.0) Gecko/20100101 Firefox/12.0).
[Mon May 14 23:34:33 2012] [debug] Routing to controller "MyIMDB::Users" and action "home".
[Mon May 14 23:34:33 2012] [debug] Rendering cached template "users/home.html.ep".
[Mon May 14 23:34:33 2012] [debug] Rendering cached template "layouts/default.html.ep".
[Mon May 14 23:34:33 2012] [debug] 200 OK (0.010408s, 96.080/s).
[Mon May 14 23:34:39 2012] [debug] GET /user/a (Mozilla/5.0 (X11; Linux x86_64; rv:12.0) Gecko/20100101 Firefox/12.0).
[Mon May 14 23:34:39 2012] [debug] Routing to controller "MyIMDB::Users" and action "home".
[Mon May 14 23:34:39 2012] [debug] Rendering cached template "users/home.html.ep".
[Mon May 14 23:34:39 2012] [debug] Rendering cached template "layouts/default.html.ep".
[Mon May 14 23:34:39 2012] [debug] 200 OK (0.008939s, 111.869/s).
[Mon May 14 23:34:40 2012] [debug] GET / (Mozilla/5.0 (X11; Linux x86_64; rv:12.0) Gecko/20100101 Firefox/12.0).
[Mon May 14 23:34:40 2012] [debug] Routing to controller "MyIMDB::Home" and action "home".
[Mon May 14 23:34:40 2012] [debug] Rendering cached template "home/home.html.ep".
[Mon May 14 23:34:40 2012] [debug] Rendering cached template "layouts/home.html.ep".
[Mon May 14 23:34:40 2012] [debug] 200 OK (0.004352s, 229.779/s).
[Mon May 14 23:34:41 2012] [debug] GET /user/a (Mozilla/5.0 (X11; Linux x86_64; rv:12.0) Gecko/20100101 Firefox/12.0).
[Mon May 14 23:34:41 2012] [debug] Routing to controller "MyIMDB::Users" and action "home".
[Mon May 14 23:34:41 2012] [debug] Rendering cached template "users/home.html.ep".
[Mon May 14 23:34:41 2012] [debug] Rendering cached template "layouts/default.html.ep".
[Mon May 14 23:34:41 2012] [debug] 200 OK (0.013749s, 72.733/s).
[Mon May 14 23:34:43 2012] [debug] GET /user/a (Mozilla/5.0 (X11; Linux x86_64; rv:12.0) Gecko/20100101 Firefox/12.0).
[Mon May 14 23:34:43 2012] [debug] Routing to controller "MyIMDB::Users" and action "home".
[Mon May 14 23:34:43 2012] [debug] Rendering cached template "users/home.html.ep".
[Mon May 14 23:34:43 2012] [debug] Rendering cached template "layouts/default.html.ep".
[Mon May 14 23:34:43 2012] [debug] 200 OK (0.019011s, 52.601/s).
[Mon May 14 23:34:44 2012] [debug] GET /logout (Mozilla/5.0 (X11; Linux x86_64; rv:12.0) Gecko/20100101 Firefox/12.0).
[Mon May 14 23:34:44 2012] [debug] Routing to controller "MyIMDB::Logout" and action "logout".
[Mon May 14 23:34:44 2012] [debug] 302 Found (0.001359s, 735.835/s).
[Mon May 14 23:34:44 2012] [debug] GET / (Mozilla/5.0 (X11; Linux x86_64; rv:12.0) Gecko/20100101 Firefox/12.0).
[Mon May 14 23:34:44 2012] [debug] Routing to controller "MyIMDB::Home" and action "home".
[Mon May 14 23:34:44 2012] [debug] Rendering cached template "home/home.html.ep".
[Mon May 14 23:34:44 2012] [debug] Rendering cached template "layouts/home.html.ep".
[Mon May 14 23:34:44 2012] [debug] 200 OK (0.004030s, 248.139/s).
[Mon May 14 23:34:45 2012] [debug] GET /login (Mozilla/5.0 (X11; Linux x86_64; rv:12.0) Gecko/20100101 Firefox/12.0).
[Mon May 14 23:34:45 2012] [debug] Rendering cached template "login/login.html.ep".
[Mon May 14 23:34:45 2012] [debug] Rendering cached template "layouts/default.html.ep".
[Mon May 14 23:34:45 2012] [debug] 200 OK (0.003814s, 262.192/s).
[Mon May 14 23:34:50 2012] [debug] POST /login (Mozilla/5.0 (X11; Linux x86_64; rv:12.0) Gecko/20100101 Firefox/12.0).
[Mon May 14 23:34:50 2012] [debug] Routing to controller "MyIMDB::Login" and action "login".
[Mon May 14 23:34:50 2012] [debug] 302 Found (0.007493s, 133.458/s).
[Mon May 14 23:34:50 2012] [debug] GET /user/a (Mozilla/5.0 (X11; Linux x86_64; rv:12.0) Gecko/20100101 Firefox/12.0).
[Mon May 14 23:34:50 2012] [debug] Routing to controller "MyIMDB::Users" and action "home".
[Mon May 14 23:34:50 2012] [debug] Rendering cached template "users/home.html.ep".
[Mon May 14 23:34:50 2012] [debug] Rendering cached template "layouts/default.html.ep".
[Mon May 14 23:34:50 2012] [debug] 200 OK (0.008526s, 117.288/s).
[Mon May 14 23:38:59 2012] [debug] Your secret passphrase needs to be changed!!!
[Mon May 14 23:38:59 2012] [debug] GET /user/a (Mozilla/5.0 (X11; Linux x86_64; rv:12.0) Gecko/20100101 Firefox/12.0).
[Mon May 14 23:38:59 2012] [debug] Routing to controller "MyIMDB::Users" and action "home".
[Mon May 14 23:38:59 2012] [debug] Rendering template "users/home.html.ep".
[Mon May 14 23:38:59 2012] [debug] Rendering template "layouts/default.html.ep".
[Mon May 14 23:38:59 2012] [debug] 200 OK (0.148659s, 6.727/s).
[Mon May 14 23:39:54 2012] [debug] Your secret passphrase needs to be changed!!!
[Mon May 14 23:39:54 2012] [debug] GET /user/a (Mozilla/5.0 (X11; Linux x86_64; rv:12.0) Gecko/20100101 Firefox/12.0).
[Mon May 14 23:39:54 2012] [debug] Routing to controller "MyIMDB::Users" and action "home".
[Mon May 14 23:39:54 2012] [debug] Rendering template "users/home.html.ep".
[Mon May 14 23:39:54 2012] [debug] Rendering template "layouts/default.html.ep".
[Mon May 14 23:39:54 2012] [debug] 200 OK (0.149151s, 6.705/s).
[Mon May 14 23:40:05 2012] [debug] GET /user/a (Mozilla/5.0 (X11; Linux x86_64; rv:12.0) Gecko/20100101 Firefox/12.0).
[Mon May 14 23:40:05 2012] [debug] Routing to controller "MyIMDB::Users" and action "home".
[Mon May 14 23:40:05 2012] [debug] Rendering cached template "users/home.html.ep".
[Mon May 14 23:40:05 2012] [debug] Rendering cached template "layouts/default.html.ep".
[Mon May 14 23:40:05 2012] [debug] 200 OK (0.017471s, 57.238/s).
[Mon May 14 23:40:08 2012] [debug] GET /logout (Mozilla/5.0 (X11; Linux x86_64; rv:12.0) Gecko/20100101 Firefox/12.0).
[Mon May 14 23:40:08 2012] [debug] Routing to controller "MyIMDB::Logout" and action "logout".
[Mon May 14 23:40:08 2012] [debug] 302 Found (0.002655s, 376.648/s).
[Mon May 14 23:40:08 2012] [debug] GET / (Mozilla/5.0 (X11; Linux x86_64; rv:12.0) Gecko/20100101 Firefox/12.0).
[Mon May 14 23:40:08 2012] [debug] Routing to controller "MyIMDB::Home" and action "home".
[Mon May 14 23:40:08 2012] [debug] Rendering template "home/home.html.ep".
[Mon May 14 23:40:09 2012] [debug] Rendering template "layouts/home.html.ep".
[Mon May 14 23:40:09 2012] [debug] 200 OK (0.015180s, 65.876/s).
[Mon May 14 23:40:10 2012] [debug] GET /login (Mozilla/5.0 (X11; Linux x86_64; rv:12.0) Gecko/20100101 Firefox/12.0).
[Mon May 14 23:40:10 2012] [debug] Rendering template "login/login.html.ep".
[Mon May 14 23:40:10 2012] [debug] Rendering template "layouts/default.html.ep".
[Mon May 14 23:40:10 2012] [debug] 200 OK (0.018635s, 53.662/s).
[Mon May 14 23:40:13 2012] [debug] POST /login (Mozilla/5.0 (X11; Linux x86_64; rv:12.0) Gecko/20100101 Firefox/12.0).
[Mon May 14 23:40:13 2012] [debug] Routing to controller "MyIMDB::Login" and action "login".
[Mon May 14 23:40:13 2012] [debug] 302 Found (0.006180s, 161.812/s).
[Mon May 14 23:40:13 2012] [debug] GET /user/us (Mozilla/5.0 (X11; Linux x86_64; rv:12.0) Gecko/20100101 Firefox/12.0).
[Mon May 14 23:40:13 2012] [debug] Routing to controller "MyIMDB::Users" and action "home".
[Mon May 14 23:40:13 2012] [debug] Rendering cached template "users/home.html.ep".
[Mon May 14 23:40:13 2012] [debug] Rendering cached template "layouts/default.html.ep".
[Mon May 14 23:40:13 2012] [debug] 200 OK (0.015438s, 64.775/s).
[Mon May 14 23:40:34 2012] [debug] Your secret passphrase needs to be changed!!!
[Mon May 14 23:40:34 2012] [debug] GET /user/us (Mozilla/5.0 (X11; Linux x86_64; rv:12.0) Gecko/20100101 Firefox/12.0).
[Mon May 14 23:40:34 2012] [debug] Routing to controller "MyIMDB::Users" and action "home".
[Mon May 14 23:40:34 2012] [debug] Rendering template "users/home.html.ep".
[Mon May 14 23:40:34 2012] [debug] Rendering template "layouts/default.html.ep".
[Mon May 14 23:40:34 2012] [debug] 200 OK (0.155740s, 6.421/s).
[Mon May 14 23:40:47 2012] [debug] GET /logout (Mozilla/5.0 (X11; Linux x86_64; rv:12.0) Gecko/20100101 Firefox/12.0).
[Mon May 14 23:40:47 2012] [debug] Routing to controller "MyIMDB::Logout" and action "logout".
[Mon May 14 23:40:47 2012] [debug] 302 Found (0.002983s, 335.233/s).
[Mon May 14 23:40:47 2012] [debug] GET / (Mozilla/5.0 (X11; Linux x86_64; rv:12.0) Gecko/20100101 Firefox/12.0).
[Mon May 14 23:40:47 2012] [debug] Routing to controller "MyIMDB::Home" and action "home".
[Mon May 14 23:40:47 2012] [debug] Rendering template "home/home.html.ep".
[Mon May 14 23:40:47 2012] [debug] Rendering template "layouts/home.html.ep".
[Mon May 14 23:40:47 2012] [debug] 200 OK (0.017173s, 58.231/s).
[Mon May 14 23:40:49 2012] [debug] GET /login (Mozilla/5.0 (X11; Linux x86_64; rv:12.0) Gecko/20100101 Firefox/12.0).
[Mon May 14 23:40:49 2012] [debug] Rendering template "login/login.html.ep".
[Mon May 14 23:40:49 2012] [debug] Rendering template "layouts/default.html.ep".
[Mon May 14 23:40:49 2012] [debug] 200 OK (0.013720s, 72.886/s).
[Mon May 14 23:40:51 2012] [debug] POST /login (Mozilla/5.0 (X11; Linux x86_64; rv:12.0) Gecko/20100101 Firefox/12.0).
[Mon May 14 23:40:51 2012] [debug] Routing to controller "MyIMDB::Login" and action "login".
[Mon May 14 23:40:51 2012] [debug] 302 Found (0.007270s, 137.552/s).
[Mon May 14 23:40:51 2012] [debug] GET /user/a (Mozilla/5.0 (X11; Linux x86_64; rv:12.0) Gecko/20100101 Firefox/12.0).
[Mon May 14 23:40:51 2012] [debug] Routing to controller "MyIMDB::Users" and action "home".
[Mon May 14 23:40:51 2012] [debug] Rendering cached template "users/home.html.ep".
[Mon May 14 23:40:51 2012] [debug] Rendering cached template "layouts/default.html.ep".
[Mon May 14 23:40:51 2012] [debug] 200 OK (0.008224s, 121.595/s).
[Mon May 14 23:42:30 2012] [debug] Your secret passphrase needs to be changed!!!
[Mon May 14 23:42:30 2012] [debug] GET /user/a (Mozilla/5.0 (X11; Linux x86_64; rv:12.0) Gecko/20100101 Firefox/12.0).
[Mon May 14 23:42:30 2012] [debug] Routing to controller "MyIMDB::Users" and action "home".
[Mon May 14 23:42:30 2012] [debug] Rendering template "users/home.html.ep".
[Mon May 14 23:42:30 2012] [debug] Rendering template "layouts/default.html.ep".
[Mon May 14 23:42:30 2012] [debug] 200 OK (0.150528s, 6.643/s).
[Mon May 14 23:42:33 2012] [debug] GET /logout (Mozilla/5.0 (X11; Linux x86_64; rv:12.0) Gecko/20100101 Firefox/12.0).
[Mon May 14 23:42:33 2012] [debug] Routing to controller "MyIMDB::Logout" and action "logout".
[Mon May 14 23:42:33 2012] [debug] 302 Found (0.002724s, 367.107/s).
[Mon May 14 23:42:33 2012] [debug] GET / (Mozilla/5.0 (X11; Linux x86_64; rv:12.0) Gecko/20100101 Firefox/12.0).
[Mon May 14 23:42:33 2012] [debug] Routing to controller "MyIMDB::Home" and action "home".
[Mon May 14 23:42:33 2012] [debug] Rendering template "home/home.html.ep".
[Mon May 14 23:42:33 2012] [debug] Rendering template "layouts/home.html.ep".
[Mon May 14 23:42:33 2012] [debug] 200 OK (0.017295s, 57.820/s).
[Mon May 14 23:42:34 2012] [debug] GET /login (Mozilla/5.0 (X11; Linux x86_64; rv:12.0) Gecko/20100101 Firefox/12.0).
[Mon May 14 23:42:34 2012] [debug] Rendering template "login/login.html.ep".
[Mon May 14 23:42:34 2012] [debug] Rendering template "layouts/default.html.ep".
[Mon May 14 23:42:34 2012] [debug] 200 OK (0.018015s, 55.509/s).
[Mon May 14 23:42:37 2012] [debug] POST /login (Mozilla/5.0 (X11; Linux x86_64; rv:12.0) Gecko/20100101 Firefox/12.0).
[Mon May 14 23:42:37 2012] [debug] Routing to controller "MyIMDB::Login" and action "login".
[Mon May 14 23:42:37 2012] [debug] 302 Found (0.027650s, 36.166/s).
[Mon May 14 23:42:37 2012] [debug] GET /user/us (Mozilla/5.0 (X11; Linux x86_64; rv:12.0) Gecko/20100101 Firefox/12.0).
[Mon May 14 23:42:37 2012] [debug] Routing to controller "MyIMDB::Users" and action "home".
[Mon May 14 23:42:37 2012] [debug] Rendering cached template "users/home.html.ep".
[Mon May 14 23:42:37 2012] [debug] Rendering cached template "layouts/default.html.ep".
[Mon May 14 23:42:37 2012] [debug] 200 OK (0.014729s, 67.893/s).
[Mon May 14 23:42:51 2012] [debug] Your secret passphrase needs to be changed!!!
[Mon May 14 23:42:51 2012] [debug] GET /user/us (Mozilla/5.0 (X11; Linux x86_64; rv:12.0) Gecko/20100101 Firefox/12.0).
[Mon May 14 23:42:51 2012] [debug] Routing to controller "MyIMDB::Users" and action "home".
[Mon May 14 23:42:51 2012] [debug] Rendering template "users/home.html.ep".
[Mon May 14 23:42:51 2012] [debug] Rendering template "layouts/default.html.ep".
[Mon May 14 23:42:51 2012] [debug] 200 OK (0.155117s, 6.447/s).
[Mon May 14 23:43:30 2012] [debug] GET /user/test2 (Mozilla/5.0 (X11; Linux x86_64; rv:12.0) Gecko/20100101 Firefox/12.0).
[Mon May 14 23:43:30 2012] [debug] Routing to controller "MyIMDB::Users" and action "home".
[Mon May 14 23:43:30 2012] [debug] Rendering cached template "users/home.html.ep".
[Mon May 14 23:43:30 2012] [debug] Rendering cached template "layouts/default.html.ep".
[Mon May 14 23:43:30 2012] [debug] 200 OK (0.022168s, 45.110/s).
[Mon May 14 23:43:37 2012] [debug] GET /user/us (Mozilla/5.0 (X11; Linux x86_64; rv:12.0) Gecko/20100101 Firefox/12.0).
[Mon May 14 23:43:37 2012] [debug] Routing to controller "MyIMDB::Users" and action "home".
[Mon May 14 23:43:37 2012] [debug] Rendering cached template "users/home.html.ep".
[Mon May 14 23:43:37 2012] [debug] Rendering cached template "layouts/default.html.ep".
[Mon May 14 23:43:37 2012] [debug] 200 OK (0.018244s, 54.813/s).
[Mon May 14 23:44:25 2012] [debug] GET /user/test2 (Mozilla/5.0 (X11; Linux x86_64; rv:12.0) Gecko/20100101 Firefox/12.0).
[Mon May 14 23:44:25 2012] [debug] Routing to controller "MyIMDB::Users" and action "home".
[Mon May 14 23:44:25 2012] [debug] Rendering cached template "users/home.html.ep".
[Mon May 14 23:44:25 2012] [debug] Rendering cached template "layouts/default.html.ep".
[Mon May 14 23:44:25 2012] [debug] 200 OK (0.021192s, 47.188/s).
[Mon May 14 23:46:28 2012] [debug] Your secret passphrase needs to be changed!!!
[Mon May 14 23:46:28 2012] [debug] GET /user/test2 (Mozilla/5.0 (X11; Linux x86_64; rv:12.0) Gecko/20100101 Firefox/12.0).
[Mon May 14 23:46:28 2012] [debug] Routing to controller "MyIMDB::Users" and action "home".
[Mon May 14 23:46:28 2012] [debug] Rendering template "users/home.html.ep".
[Mon May 14 23:46:28 2012] [debug] Rendering template "layouts/default.html.ep".
[Mon May 14 23:46:28 2012] [debug] 200 OK (0.169531s, 5.899/s).
[Mon May 14 23:47:08 2012] [debug] GET /user/us (Mozilla/5.0 (X11; Linux x86_64; rv:12.0) Gecko/20100101 Firefox/12.0).
[Mon May 14 23:47:08 2012] [debug] Routing to controller "MyIMDB::Users" and action "home".
[Mon May 14 23:47:08 2012] [debug] Rendering cached template "users/home.html.ep".
[Mon May 14 23:47:08 2012] [debug] Rendering cached template "layouts/default.html.ep".
[Mon May 14 23:47:08 2012] [debug] 200 OK (0.015065s, 66.379/s).
[Mon May 14 23:47:13 2012] [debug] GET /user/test2 (Mozilla/5.0 (X11; Linux x86_64; rv:12.0) Gecko/20100101 Firefox/12.0).
[Mon May 14 23:47:13 2012] [debug] Routing to controller "MyIMDB::Users" and action "home".
[Mon May 14 23:47:13 2012] [debug] Rendering cached template "users/home.html.ep".
[Mon May 14 23:47:13 2012] [debug] Rendering cached template "layouts/default.html.ep".
[Mon May 14 23:47:13 2012] [debug] 200 OK (0.025032s, 39.949/s).
[Mon May 14 23:51:03 2012] [debug] Your secret passphrase needs to be changed!!!
[Mon May 14 23:51:03 2012] [debug] GET /user/test2 (Mozilla/5.0 (X11; Linux x86_64; rv:12.0) Gecko/20100101 Firefox/12.0).
[Mon May 14 23:51:03 2012] [debug] Routing to controller "MyIMDB::Users" and action "home".
[Mon May 14 23:51:03 2012] [debug] Rendering template "users/home.html.ep".
[Mon May 14 23:51:03 2012] [debug] Rendering template "layouts/default.html.ep".
[Mon May 14 23:51:03 2012] [debug] 200 OK (0.187062s, 5.346/s).
[Mon May 14 23:51:11 2012] [debug] GET /user/us (Mozilla/5.0 (X11; Linux x86_64; rv:12.0) Gecko/20100101 Firefox/12.0).
[Mon May 14 23:51:11 2012] [debug] Routing to controller "MyIMDB::Users" and action "home".
[Mon May 14 23:51:11 2012] [debug] Rendering cached template "users/home.html.ep".
[Mon May 14 23:51:11 2012] [debug] Rendering cached template "layouts/default.html.ep".
[Mon May 14 23:51:11 2012] [debug] 200 OK (0.017132s, 58.370/s).
[Mon May 14 23:51:12 2012] [debug] GET /logout (Mozilla/5.0 (X11; Linux x86_64; rv:12.0) Gecko/20100101 Firefox/12.0).
[Mon May 14 23:51:12 2012] [debug] Routing to controller "MyIMDB::Logout" and action "logout".
[Mon May 14 23:51:12 2012] [debug] 302 Found (0.002669s, 374.672/s).
[Mon May 14 23:51:12 2012] [debug] GET / (Mozilla/5.0 (X11; Linux x86_64; rv:12.0) Gecko/20100101 Firefox/12.0).
[Mon May 14 23:51:12 2012] [debug] Routing to controller "MyIMDB::Home" and action "home".
[Mon May 14 23:51:12 2012] [debug] Rendering template "home/home.html.ep".
[Mon May 14 23:51:12 2012] [debug] Rendering template "layouts/home.html.ep".
[Mon May 14 23:51:12 2012] [debug] 200 OK (0.015119s, 66.142/s).
[Mon May 14 23:51:14 2012] [debug] GET /login (Mozilla/5.0 (X11; Linux x86_64; rv:12.0) Gecko/20100101 Firefox/12.0).
[Mon May 14 23:51:14 2012] [debug] Rendering template "login/login.html.ep".
[Mon May 14 23:51:14 2012] [debug] Rendering template "layouts/default.html.ep".
[Mon May 14 23:51:14 2012] [debug] 200 OK (0.017914s, 55.822/s).
[Mon May 14 23:51:21 2012] [debug] POST /login (Mozilla/5.0 (X11; Linux x86_64; rv:12.0) Gecko/20100101 Firefox/12.0).
[Mon May 14 23:51:21 2012] [debug] Routing to controller "MyIMDB::Login" and action "login".
[Mon May 14 23:51:21 2012] [debug] Rendering template "login/login.html.ep".
[Mon May 14 23:51:21 2012] [debug] Rendering template "layouts/default.html.ep".
[Mon May 14 23:51:21 2012] [debug] 200 OK (0.056345s, 17.748/s).
[Mon May 14 23:51:24 2012] [debug] POST /login (Mozilla/5.0 (X11; Linux x86_64; rv:12.0) Gecko/20100101 Firefox/12.0).
[Mon May 14 23:51:24 2012] [debug] Routing to controller "MyIMDB::Login" and action "login".
[Mon May 14 23:51:24 2012] [debug] 302 Found (0.007551s, 132.433/s).
[Mon May 14 23:51:24 2012] [debug] GET /user/test2 (Mozilla/5.0 (X11; Linux x86_64; rv:12.0) Gecko/20100101 Firefox/12.0).
[Mon May 14 23:51:24 2012] [debug] Routing to controller "MyIMDB::Users" and action "home".
[Mon May 14 23:51:24 2012] [debug] Rendering cached template "users/home.html.ep".
[Mon May 14 23:51:24 2012] [debug] Rendering cached template "layouts/default.html.ep".
[Mon May 14 23:51:24 2012] [debug] 200 OK (0.012773s, 78.290/s).
[Mon May 14 23:51:31 2012] [debug] GET /user/us (Mozilla/5.0 (X11; Linux x86_64; rv:12.0) Gecko/20100101 Firefox/12.0).
[Mon May 14 23:51:31 2012] [debug] Routing to controller "MyIMDB::Users" and action "home".
[Mon May 14 23:51:31 2012] [debug] Rendering cached template "users/home.html.ep".
[Mon May 14 23:51:31 2012] [debug] Rendering cached template "layouts/default.html.ep".
[Mon May 14 23:51:31 2012] [debug] 200 OK (0.015899s, 62.897/s).
[Mon May 14 23:54:17 2012] [debug] Your secret passphrase needs to be changed!!!
[Mon May 14 23:54:17 2012] [debug] GET /user/us (Mozilla/5.0 (X11; Linux x86_64; rv:12.0) Gecko/20100101 Firefox/12.0).
[Mon May 14 23:54:17 2012] [debug] Routing to controller "MyIMDB::Users" and action "home".
[Mon May 14 23:54:17 2012] [debug] Rendering template "users/home.html.ep".
[Mon May 14 23:54:17 2012] [debug] Rendering template "layouts/default.html.ep".
[Mon May 14 23:54:17 2012] [debug] 200 OK (0.156349s, 6.396/s).
[Mon May 14 23:54:24 2012] [debug] GET /user/test2 (Mozilla/5.0 (X11; Linux x86_64; rv:12.0) Gecko/20100101 Firefox/12.0).
[Mon May 14 23:54:24 2012] [debug] Routing to controller "MyIMDB::Users" and action "home".
[Mon May 14 23:54:24 2012] [debug] Rendering cached template "users/home.html.ep".
[Mon May 14 23:54:24 2012] [debug] Rendering cached template "layouts/default.html.ep".
[Mon May 14 23:54:24 2012] [debug] 200 OK (0.022059s, 45.333/s).
[Mon May 14 23:54:29 2012] [debug] GET /user/us (Mozilla/5.0 (X11; Linux x86_64; rv:12.0) Gecko/20100101 Firefox/12.0).
[Mon May 14 23:54:29 2012] [debug] Routing to controller "MyIMDB::Users" and action "home".
[Mon May 14 23:54:29 2012] [debug] Rendering cached template "users/home.html.ep".
[Mon May 14 23:54:29 2012] [debug] Rendering cached template "layouts/default.html.ep".
[Mon May 14 23:54:29 2012] [debug] 200 OK (0.020307s, 49.244/s).
[Mon May 14 23:54:32 2012] [debug] GET /user/test2 (Mozilla/5.0 (X11; Linux x86_64; rv:12.0) Gecko/20100101 Firefox/12.0).
[Mon May 14 23:54:32 2012] [debug] Routing to controller "MyIMDB::Users" and action "home".
[Mon May 14 23:54:32 2012] [debug] Rendering cached template "users/home.html.ep".
[Mon May 14 23:54:32 2012] [debug] Rendering cached template "layouts/default.html.ep".
[Mon May 14 23:54:32 2012] [debug] 200 OK (0.014701s, 68.023/s).
[Mon May 14 23:54:36 2012] [debug] GET /user/us (Mozilla/5.0 (X11; Linux x86_64; rv:12.0) Gecko/20100101 Firefox/12.0).
[Mon May 14 23:54:36 2012] [debug] Routing to controller "MyIMDB::Users" and action "home".
[Mon May 14 23:54:36 2012] [debug] Rendering cached template "users/home.html.ep".
[Mon May 14 23:54:36 2012] [debug] Rendering cached template "layouts/default.html.ep".
[Mon May 14 23:54:36 2012] [debug] 200 OK (0.024823s, 40.285/s).
[Mon May 14 23:55:09 2012] [debug] Your secret passphrase needs to be changed!!!
[Mon May 14 23:55:09 2012] [debug] GET / (Mozilla/5.0 (X11; Linux x86_64; rv:12.0) Gecko/20100101 Firefox/12.0).
[Mon May 14 23:55:09 2012] [debug] Routing to controller "MyIMDB::Home" and action "home".
[Mon May 14 23:55:09 2012] [debug] Rendering template "home/home.html.ep".
[Mon May 14 23:55:09 2012] [debug] Rendering template "layouts/home.html.ep".
[Mon May 14 23:55:09 2012] [debug] 200 OK (0.143752s, 6.956/s).
[Mon May 14 23:55:11 2012] [debug] GET /user/test2 (Mozilla/5.0 (X11; Linux x86_64; rv:12.0) Gecko/20100101 Firefox/12.0).
[Mon May 14 23:55:11 2012] [debug] Routing to controller "MyIMDB::Users" and action "home".
[Mon May 14 23:55:11 2012] [debug] Rendering template "users/home.html.ep".
[Mon May 14 23:55:11 2012] [debug] Rendering template "layouts/default.html.ep".
[Mon May 14 23:55:11 2012] [debug] 200 OK (0.034215s, 29.227/s).
[Mon May 14 23:55:19 2012] [debug] GET /user/us (Mozilla/5.0 (X11; Linux x86_64; rv:12.0) Gecko/20100101 Firefox/12.0).
[Mon May 14 23:55:19 2012] [debug] Routing to controller "MyIMDB::Users" and action "home".
[Mon May 14 23:55:19 2012] [debug] Rendering cached template "users/home.html.ep".
[Mon May 14 23:55:19 2012] [debug] Rendering cached template "layouts/default.html.ep".
[Mon May 14 23:55:19 2012] [debug] 200 OK (0.021817s, 45.836/s).
